<users>
  <user age="42">John Doe</user>
</users>